0 info it worked if it ends with ok
1 verbose cli [ '/usr/local/bin/node',
1 verbose cli   '/usr/local/bin/npm',
1 verbose cli   'install',
1 verbose cli   '-g',
1 verbose cli   'mfpdev-cli@8.0-20190910' ]
2 info using npm@3.10.10
3 info using node@v7.10.1
4 silly loadCurrentTree Starting
5 silly install loadCurrentTree
6 silly install readGlobalPackageData
7 silly fetchPackageMetaData mfpdev-cli@8.0-20190910
8 silly fetchNamedPackageData mfpdev-cli
9 silly mapToRegistry name mfpdev-cli
10 silly mapToRegistry using default registry
11 silly mapToRegistry registry https://registry.npmjs.org/
12 silly mapToRegistry data Result {
12 silly mapToRegistry   raw: 'mfpdev-cli',
12 silly mapToRegistry   scope: null,
12 silly mapToRegistry   escapedName: 'mfpdev-cli',
12 silly mapToRegistry   name: 'mfpdev-cli',
12 silly mapToRegistry   rawSpec: '',
12 silly mapToRegistry   spec: 'latest',
12 silly mapToRegistry   type: 'tag' }
13 silly mapToRegistry uri https://registry.npmjs.org/mfpdev-cli
14 verbose request uri https://registry.npmjs.org/mfpdev-cli
15 verbose request no auth needed
16 info attempt registry request try #1 at 8:50:28 AM
17 verbose request id 939e3627636366de
18 verbose etag W/"a586c5d939a77c561c86bf819bcb734f"
19 verbose lastModified Mon, 03 Oct 2022 09:32:15 GMT
20 http request GET https://registry.npmjs.org/mfpdev-cli
21 http 304 https://registry.npmjs.org/mfpdev-cli
22 verbose headers { date: 'Fri, 02 Jun 2023 00:50:29 GMT',
22 verbose headers   connection: 'keep-alive',
22 verbose headers   'cf-ray': '7d0bb3d3ef7f13e3-KUL',
22 verbose headers   'cf-cache-status': 'MISS',
22 verbose headers   'cache-control': 'public, max-age=300',
22 verbose headers   etag: '"a586c5d939a77c561c86bf819bcb734f"',
22 verbose headers   'last-modified': 'Mon, 03 Oct 2022 09:32:15 GMT',
22 verbose headers   vary: 'Accept-Encoding',
22 verbose headers   'x-amz-replication-status': 'COMPLETED',
22 verbose headers   'x-amz-server-side-encryption': 'AES256',
22 verbose headers   server: 'cloudflare' }
23 silly get cb [ 304,
23 silly get   { date: 'Fri, 02 Jun 2023 00:50:29 GMT',
23 silly get     connection: 'keep-alive',
23 silly get     'cf-ray': '7d0bb3d3ef7f13e3-KUL',
23 silly get     'cf-cache-status': 'MISS',
23 silly get     'cache-control': 'public, max-age=300',
23 silly get     etag: '"a586c5d939a77c561c86bf819bcb734f"',
23 silly get     'last-modified': 'Mon, 03 Oct 2022 09:32:15 GMT',
23 silly get     vary: 'Accept-Encoding',
23 silly get     'x-amz-replication-status': 'COMPLETED',
23 silly get     'x-amz-server-side-encryption': 'AES256',
23 silly get     server: 'cloudflare' } ]
24 verbose etag https://registry.npmjs.org/mfpdev-cli from cache
25 verbose get saving mfpdev-cli to /Users/muhdaliftajudin/.npm/registry.npmjs.org/mfpdev-cli/.cache.json
26 verbose correctMkdir /Users/muhdaliftajudin/.npm correctMkdir not in flight; initializing
27 silly fetchNamedPackageData No valid target from cache, forcing network
28 verbose request uri https://registry.npmjs.org/mfpdev-cli
29 verbose request no auth needed
30 info attempt registry request try #1 at 8:50:30 AM
31 http request GET https://registry.npmjs.org/mfpdev-cli
32 http 200 https://registry.npmjs.org/mfpdev-cli
33 verbose headers { date: 'Fri, 02 Jun 2023 00:50:30 GMT',
33 verbose headers   'content-type': 'application/json',
33 verbose headers   'transfer-encoding': 'chunked',
33 verbose headers   connection: 'keep-alive',
33 verbose headers   'cf-ray': '7d0bb3da2e1213e3-KUL',
33 verbose headers   'cf-cache-status': 'HIT',
33 verbose headers   'access-control-allow-origin': '*',
33 verbose headers   age: '1',
33 verbose headers   'cache-control': 'public, max-age=300',
33 verbose headers   etag: 'W/"a586c5d939a77c561c86bf819bcb734f"',
33 verbose headers   'last-modified': 'Mon, 03 Oct 2022 09:32:15 GMT',
33 verbose headers   vary: 'accept-encoding, accept',
33 verbose headers   'x-amz-replication-status': 'COMPLETED',
33 verbose headers   'x-amz-server-side-encryption': 'AES256',
33 verbose headers   server: 'cloudflare',
33 verbose headers   'content-encoding': 'gzip' }
34 silly get cb [ 200,
34 silly get   { date: 'Fri, 02 Jun 2023 00:50:30 GMT',
34 silly get     'content-type': 'application/json',
34 silly get     'transfer-encoding': 'chunked',
34 silly get     connection: 'keep-alive',
34 silly get     'cf-ray': '7d0bb3da2e1213e3-KUL',
34 silly get     'cf-cache-status': 'HIT',
34 silly get     'access-control-allow-origin': '*',
34 silly get     age: '1',
34 silly get     'cache-control': 'public, max-age=300',
34 silly get     etag: 'W/"a586c5d939a77c561c86bf819bcb734f"',
34 silly get     'last-modified': 'Mon, 03 Oct 2022 09:32:15 GMT',
34 silly get     vary: 'accept-encoding, accept',
34 silly get     'x-amz-replication-status': 'COMPLETED',
34 silly get     'x-amz-server-side-encryption': 'AES256',
34 silly get     server: 'cloudflare',
34 silly get     'content-encoding': 'gzip' } ]
35 verbose get saving mfpdev-cli to /Users/muhdaliftajudin/.npm/registry.npmjs.org/mfpdev-cli/.cache.json
36 verbose correctMkdir /Users/muhdaliftajudin/.npm correctMkdir not in flight; initializing
37 silly fetchPackageMetaData Error: No compatible version found: mfpdev-cli@8.0-20190910
37 silly fetchPackageMetaData Valid install targets:
37 silly fetchPackageMetaData 8.0.201603280000, 8.0.2022100206, 8.0.2021090608, 8.0.2020110406, 8.0.2020081207, 8.0.2020072010, 8.0.2020070713, 8.0.2020070114, 8.0.2020062505, 8.0.2020061211, 8.0.2018121711, 8.0.2018102606, 8.0.2018100112, 8.0.2018040312, 8.0.2017102406, 8.0.2017101111, 8.0.2017101013, 8.0.2017092810, 8.0.2017091111, 8.0.2017080206, 8.0.2017012016, 8.0.2016121916, 8.0.2016110713, 8.0.2016101416, 8.0.2016080322, 8.0.2016070716, 8.0.2016062816, 8.0.2016062416, 8.0.2016060922, 8.0.2016052416
37 silly fetchPackageMetaData
37 silly fetchPackageMetaData     at pickVersionFromRegistryDocument (/usr/local/lib/node_modules/npm/lib/fetch-package-metadata.js:178:16)
37 silly fetchPackageMetaData     at /usr/local/lib/node_modules/npm/node_modules/iferr/index.js:13:50
37 silly fetchPackageMetaData     at /usr/local/lib/node_modules/npm/lib/utils/pulse-till-done.js:20:8
37 silly fetchPackageMetaData     at saved (/usr/local/lib/node_modules/npm/lib/cache/caching-client.js:174:7)
37 silly fetchPackageMetaData     at /usr/local/lib/node_modules/npm/node_modules/graceful-fs/polyfills.js:241:18
37 silly fetchPackageMetaData     at FSReqWrap.oncomplete (fs.js:114:15)
37 silly fetchPackageMetaData  error for mfpdev-cli@8.0-20190910 { Error: No compatible version found: mfpdev-cli@8.0-20190910
37 silly fetchPackageMetaData Valid install targets:
37 silly fetchPackageMetaData 8.0.201603280000, 8.0.2022100206, 8.0.2021090608, 8.0.2020110406, 8.0.2020081207, 8.0.2020072010, 8.0.2020070713, 8.0.2020070114, 8.0.2020062505, 8.0.2020061211, 8.0.2018121711, 8.0.2018102606, 8.0.2018100112, 8.0.2018040312, 8.0.2017102406, 8.0.2017101111, 8.0.2017101013, 8.0.2017092810, 8.0.2017091111, 8.0.2017080206, 8.0.2017012016, 8.0.2016121916, 8.0.2016110713, 8.0.2016101416, 8.0.2016080322, 8.0.2016070716, 8.0.2016062816, 8.0.2016062416, 8.0.2016060922, 8.0.2016052416
37 silly fetchPackageMetaData
37 silly fetchPackageMetaData     at pickVersionFromRegistryDocument (/usr/local/lib/node_modules/npm/lib/fetch-package-metadata.js:178:16)
37 silly fetchPackageMetaData     at /usr/local/lib/node_modules/npm/node_modules/iferr/index.js:13:50
37 silly fetchPackageMetaData     at /usr/local/lib/node_modules/npm/lib/utils/pulse-till-done.js:20:8
37 silly fetchPackageMetaData     at saved (/usr/local/lib/node_modules/npm/lib/cache/caching-client.js:174:7)
37 silly fetchPackageMetaData     at /usr/local/lib/node_modules/npm/node_modules/graceful-fs/polyfills.js:241:18
37 silly fetchPackageMetaData     at FSReqWrap.oncomplete (fs.js:114:15) code: 'ETARGET' }
38 silly rollbackFailedOptional Starting
39 silly rollbackFailedOptional Finishing
40 silly runTopLevelLifecycles Finishing
41 silly install printInstalled
42 verbose stack Error: No compatible version found: mfpdev-cli@8.0-20190910
42 verbose stack Valid install targets:
42 verbose stack 8.0.201603280000, 8.0.2022100206, 8.0.2021090608, 8.0.2020110406, 8.0.2020081207, 8.0.2020072010, 8.0.2020070713, 8.0.2020070114, 8.0.2020062505, 8.0.2020061211, 8.0.2018121711, 8.0.2018102606, 8.0.2018100112, 8.0.2018040312, 8.0.2017102406, 8.0.2017101111, 8.0.2017101013, 8.0.2017092810, 8.0.2017091111, 8.0.2017080206, 8.0.2017012016, 8.0.2016121916, 8.0.2016110713, 8.0.2016101416, 8.0.2016080322, 8.0.2016070716, 8.0.2016062816, 8.0.2016062416, 8.0.2016060922, 8.0.2016052416
42 verbose stack
42 verbose stack     at pickVersionFromRegistryDocument (/usr/local/lib/node_modules/npm/lib/fetch-package-metadata.js:178:16)
42 verbose stack     at /usr/local/lib/node_modules/npm/node_modules/iferr/index.js:13:50
42 verbose stack     at /usr/local/lib/node_modules/npm/lib/utils/pulse-till-done.js:20:8
42 verbose stack     at saved (/usr/local/lib/node_modules/npm/lib/cache/caching-client.js:174:7)
42 verbose stack     at /usr/local/lib/node_modules/npm/node_modules/graceful-fs/polyfills.js:241:18
42 verbose stack     at FSReqWrap.oncomplete (fs.js:114:15)
43 verbose cwd /Users/muhdaliftajudin/Desktop/TNB/SoExecution-SIT
44 error Darwin 22.5.0
45 error argv "/usr/local/bin/node" "/usr/local/bin/npm" "install" "-g" "mfpdev-cli@8.0-20190910"
46 error node v7.10.1
47 error npm  v3.10.10
48 error code ETARGET
49 error notarget No compatible version found: mfpdev-cli@8.0-20190910
49 error notarget Valid install targets:
49 error notarget 8.0.201603280000, 8.0.2022100206, 8.0.2021090608, 8.0.2020110406, 8.0.2020081207, 8.0.2020072010, 8.0.2020070713, 8.0.2020070114, 8.0.2020062505, 8.0.2020061211, 8.0.2018121711, 8.0.2018102606, 8.0.2018100112, 8.0.2018040312, 8.0.2017102406, 8.0.2017101111, 8.0.2017101013, 8.0.2017092810, 8.0.2017091111, 8.0.2017080206, 8.0.2017012016, 8.0.2016121916, 8.0.2016110713, 8.0.2016101416, 8.0.2016080322, 8.0.2016070716, 8.0.2016062816, 8.0.2016062416, 8.0.2016060922, 8.0.2016052416
50 error notarget This is most likely not a problem with npm itself.
50 error notarget In most cases you or one of your dependencies are requesting
50 error notarget a package version that doesn't exist.
51 verbose exit [ 1, true ]
